
Il Mondo di Alan 
Una demo per testare ALAN Standar Library Italian 
(C) Tristano Ajmone, 2018. 
Programmed with the ALAN Interactive Fiction Language v3.0 beta5
Standard Library v2.1 
Versione Alpha 1 
Tutti i diritti riservati.


Piazza della Repubblica d'IF
Ti trovi in una piazza spaziosa. Odi delle voci in lontananza. Puoi vedere 
una statua, una scatola, delle scatoline, uno scatolone, dei contenitori, 
un corvo, una pozzanghera, una penna, un foglio di carta bianco, un libro
antico, un sasso e una bottiglia qui. La bottiglia contiene dell'aranciata 
e del latte. Puoi vedere una radio qui.

> nord
Atrio del Centro Commerciale
Sei circondato da negozi. Puoi vedere una candela, delle lampadine e un 
bollitore qui.

> 

> ; ==============================================================================
> ; CANDELA: fonte_di_luce naturale
> ; ==============================================================================
> esamina candela
Esamini la candela, ma non noti niente di speciale. È spenta.

> accendi candela
Fatto. Ora la candela è accesa.

> esamina candela
Esamini la candela, ma non noti niente di speciale. È accesa.

> spegni candela
Fatto. Ora la candela è spenta.

> esamina candela
Esamini la candela, ma non noti niente di speciale. È spenta.

> ; ==============================================================================
> ; LAMPADINE: fonte_di_luce NOT naturale
> ; ==============================================================================
> esamina lampadine
Esamini le lampadine, ma non noti niente di speciale. Sono spente.

> accendi lampadine
Fatto. Ora le lampadine sono accese.

> esamina lampadine
Esamini le lampadine, ma non noti niente di speciale. Sono accese.

> spegni lampadine
Fatto. Ora le lampadine sono spente.

> esamina lampadine
Esamini le lampadine, ma non noti niente di speciale. Sono spente.

> ; ==============================================================================
> ; BOLLITORE: dispostivo
> ; ==============================================================================
> esamina bollitore
È un vecchio bollitore elettrico. È spento.

> accendi bollitore
Fatto. Ora il bollitore è acceso.

> esamina bollitore
È un vecchio bollitore elettrico. È acceso.

> spegni bollitore
Fatto. Ora il bollitore è spento.

> esamina bollitore
È un vecchio bollitore elettrico. È spento.

> 

Cosa vuoi fare: RESTART, RESTORE, QUIT o UNDO? 
