
Il Mondo di Alan 
Una demo per testare ALAN Standar Library Italian 
(C) Tristano Ajmone, 2018. 
Programmed with the ALAN Interactive Fiction Language v3.0 beta5
Standard Library v2.1 
Versione Alpha 1 
Tutti i diritti riservati.


Piazza della Repubblica d'IF
Ti trovi in una piazza spaziosa. Odi delle voci in lontananza. Puoi vedere 
una statua, una scatola, delle scatoline, uno scatolone, dei contenitori, 
un corvo, una pozzanghera, una penna, un foglio di carta bianco, un libro
antico, un sasso e una bottiglia qui. La bottiglia contiene dell'aranciata 
e del latte. Puoi vedere una radio qui.

> ; ******************************************************************************
> ; *                                                                            *
> ; *                     TEST DELLE PREPOSIZIONI ARTICOLATE                     *
> ; *                                                                            *
> ; ******************************************************************************
> 

> ovest
Mercato
Puoi vedere una bancarella qui. Sopra la bancarella vedi delle cigliege, 
un mango e una pera. Gustavo è qui. C'è un fruttivendolo qui.

> prendi la pera
Presa.

> ; ==============================================================================
> ;            Testiamo l'implementazione delle preposizioni articolate           
> ; ==============================================================================
> put la pera on la bancarella
Posi la pera sulla bancarella.

> 

Cosa vuoi fare: RESTART, RESTORE, QUIT o UNDO? 
